<?xml version="1.0" encoding="UTF-8"?>
<coverage generated="1729427573294" clover="3.2.0">
  <project timestamp="1729427573294" name="All files">
    <metrics statements="26" coveredstatements="26" conditionals="18" coveredconditionals="16" methods="9" coveredmethods="9" elements="53" coveredelements="51" complexity="0" loc="26" ncloc="26" packages="1" files="7" classes="7"/>
    <file name="bowerman.js" path="C:\Users\nikit\OneDrive\Рабочий стол\WEB проекты\Methods\src\bowerman.js">
      <metrics statements="1" coveredstatements="1" conditionals="0" coveredconditionals="0" methods="1" coveredmethods="1"/>
      <line num="5" count="1" type="stmt"/>
    </file>
    <file name="daemon.js" path="C:\Users\nikit\OneDrive\Рабочий стол\WEB проекты\Methods\src\daemon.js">
      <metrics statements="1" coveredstatements="1" conditionals="0" coveredconditionals="0" methods="1" coveredmethods="1"/>
      <line num="5" count="1" type="stmt"/>
    </file>
    <file name="index.js" path="C:\Users\nikit\OneDrive\Рабочий стол\WEB проекты\Methods\src\index.js">
      <metrics statements="20" coveredstatements="20" conditionals="18" coveredconditionals="16" methods="3" coveredmethods="3"/>
      <line num="3" count="11" type="stmt"/>
      <line num="4" count="11" type="stmt"/>
      <line num="5" count="11" type="stmt"/>
      <line num="6" count="11" type="stmt"/>
      <line num="7" count="11" type="stmt"/>
      <line num="8" count="11" type="stmt"/>
      <line num="10" count="11" type="cond" truecount="2" falsecount="0"/>
      <line num="11" count="1" type="stmt"/>
      <line num="15" count="10" type="cond" truecount="4" falsecount="0"/>
      <line num="16" count="1" type="stmt"/>
      <line num="19" count="9" type="cond" truecount="8" falsecount="0"/>
      <line num="20" count="8" type="stmt"/>
      <line num="22" count="1" type="stmt"/>
      <line num="28" count="1" type="cond" truecount="1" falsecount="1"/>
      <line num="29" count="1" type="stmt"/>
      <line num="30" count="1" type="stmt"/>
      <line num="31" count="1" type="stmt"/>
      <line num="32" count="1" type="stmt"/>
      <line num="37" count="1" type="cond" truecount="1" falsecount="1"/>
      <line num="38" count="1" type="stmt"/>
    </file>
    <file name="magician.js" path="C:\Users\nikit\OneDrive\Рабочий стол\WEB проекты\Methods\src\magician.js">
      <metrics statements="1" coveredstatements="1" conditionals="0" coveredconditionals="0" methods="1" coveredmethods="1"/>
      <line num="5" count="1" type="stmt"/>
    </file>
    <file name="swordsman.js" path="C:\Users\nikit\OneDrive\Рабочий стол\WEB проекты\Methods\src\swordsman.js">
      <metrics statements="1" coveredstatements="1" conditionals="0" coveredconditionals="0" methods="1" coveredmethods="1"/>
      <line num="5" count="1" type="stmt"/>
    </file>
    <file name="undead.js" path="C:\Users\nikit\OneDrive\Рабочий стол\WEB проекты\Methods\src\undead.js">
      <metrics statements="1" coveredstatements="1" conditionals="0" coveredconditionals="0" methods="1" coveredmethods="1"/>
      <line num="5" count="1" type="stmt"/>
    </file>
    <file name="zombie.js" path="C:\Users\nikit\OneDrive\Рабочий стол\WEB проекты\Methods\src\zombie.js">
      <metrics statements="1" coveredstatements="1" conditionals="0" coveredconditionals="0" methods="1" coveredmethods="1"/>
      <line num="5" count="1" type="stmt"/>
    </file>
  </project>
</coverage>
