{"C:\\Users\\nikit\\OneDrive\\Рабочий стол\\WEB проекты\\Methods\\src\\bowerman.js": {"path":"C:\\Users\\nikit\\OneDrive\\Рабочий стол\\WEB проекты\\Methods\\src\\bowerman.js","statementMap":{"0":{"start":{"line":5,"column":2},"end":{"line":5,"column":39}}},"fnMap":{"0":{"name":"(anonymous_0)","decl":{"start":{"line":4,"column":1},"end":{"line":4,"column":2}},"loc":{"start":{"line":4,"column":19},"end":{"line":6,"column":2}},"line":4}},"branchMap":{},"s":{"0":1},"f":{"0":1},"b":{},"_coverageSchema":"1a1c01bbd47fc00a2c39e90264f33305004495a9","hash":"cd93a7f38473d4b5dab8a3ece3b14874e2f4007b"}
,"C:\\Users\\nikit\\OneDrive\\Рабочий стол\\WEB проекты\\Methods\\src\\daemon.js": {"path":"C:\\Users\\nikit\\OneDrive\\Рабочий стол\\WEB проекты\\Methods\\src\\daemon.js","statementMap":{"0":{"start":{"line":5,"column":2},"end":{"line":5,"column":39}}},"fnMap":{"0":{"name":"(anonymous_0)","decl":{"start":{"line":4,"column":1},"end":{"line":4,"column":2}},"loc":{"start":{"line":4,"column":19},"end":{"line":6,"column":2}},"line":4}},"branchMap":{},"s":{"0":1},"f":{"0":1},"b":{},"_coverageSchema":"1a1c01bbd47fc00a2c39e90264f33305004495a9","hash":"65b5776ee7608ddff80ed46b5bec9425e4df7c96"}
,"C:\\Users\\nikit\\OneDrive\\Рабочий стол\\WEB проекты\\Methods\\src\\index.js": {"path":"C:\\Users\\nikit\\OneDrive\\Рабочий стол\\WEB проекты\\Methods\\src\\index.js","statementMap":{"0":{"start":{"line":3,"column":2},"end":{"line":3,"column":19}},"1":{"start":{"line":4,"column":2},"end":{"line":4,"column":19}},"2":{"start":{"line":5,"column":2},"end":{"line":5,"column":23}},"3":{"start":{"line":6,"column":2},"end":{"line":6,"column":21}},"4":{"start":{"line":7,"column":2},"end":{"line":7,"column":23}},"5":{"start":{"line":8,"column":2},"end":{"line":8,"column":25}},"6":{"start":{"line":10,"column":2},"end":{"line":13,"column":3}},"7":{"start":{"line":11,"column":3},"end":{"line":11,"column":47}},"8":{"start":{"line":15,"column":2},"end":{"line":17,"column":3}},"9":{"start":{"line":16,"column":3},"end":{"line":16,"column":56}},"10":{"start":{"line":19,"column":2},"end":{"line":23,"column":3}},"11":{"start":{"line":20,"column":3},"end":{"line":20,"column":20}},"12":{"start":{"line":22,"column":3},"end":{"line":22,"column":50}},"13":{"start":{"line":28,"column":2},"end":{"line":33,"column":3}},"14":{"start":{"line":29,"column":3},"end":{"line":29,"column":19}},"15":{"start":{"line":30,"column":3},"end":{"line":30,"column":22}},"16":{"start":{"line":31,"column":3},"end":{"line":31,"column":23}},"17":{"start":{"line":32,"column":3},"end":{"line":32,"column":21}},"18":{"start":{"line":37,"column":2},"end":{"line":39,"column":3}},"19":{"start":{"line":38,"column":3},"end":{"line":38,"column":52}}},"fnMap":{"0":{"name":"(anonymous_0)","decl":{"start":{"line":2,"column":1},"end":{"line":2,"column":2}},"loc":{"start":{"line":2,"column":57},"end":{"line":25,"column":2}},"line":2},"1":{"name":"(anonymous_1)","decl":{"start":{"line":27,"column":1},"end":{"line":27,"column":2}},"loc":{"start":{"line":27,"column":11},"end":{"line":34,"column":2}},"line":27},"2":{"name":"(anonymous_2)","decl":{"start":{"line":36,"column":1},"end":{"line":36,"column":2}},"loc":{"start":{"line":36,"column":16},"end":{"line":40,"column":2}},"line":36}},"branchMap":{"0":{"loc":{"start":{"line":10,"column":2},"end":{"line":13,"column":3}},"type":"if","locations":[{"start":{"line":10,"column":2},"end":{"line":13,"column":3}},{"start":{},"end":{}}],"line":10},"1":{"loc":{"start":{"line":15,"column":2},"end":{"line":17,"column":3}},"type":"if","locations":[{"start":{"line":15,"column":2},"end":{"line":17,"column":3}},{"start":{},"end":{}}],"line":15},"2":{"loc":{"start":{"line":15,"column":5},"end":{"line":15,"column":50}},"type":"binary-expr","locations":[{"start":{"line":15,"column":5},"end":{"line":15,"column":25}},{"start":{"line":15,"column":29},"end":{"line":15,"column":50}}],"line":15},"3":{"loc":{"start":{"line":19,"column":2},"end":{"line":23,"column":3}},"type":"if","locations":[{"start":{"line":19,"column":2},"end":{"line":23,"column":3}},{"start":{"line":21,"column":9},"end":{"line":23,"column":3}}],"line":19},"4":{"loc":{"start":{"line":19,"column":5},"end":{"line":19,"column":162}},"type":"binary-expr","locations":[{"start":{"line":19,"column":5},"end":{"line":19,"column":27}},{"start":{"line":19,"column":31},"end":{"line":19,"column":56}},{"start":{"line":19,"column":60},"end":{"line":19,"column":84}},{"start":{"line":19,"column":88},"end":{"line":19,"column":110}},{"start":{"line":19,"column":114},"end":{"line":19,"column":136}},{"start":{"line":19,"column":140},"end":{"line":19,"column":162}}],"line":19},"5":{"loc":{"start":{"line":28,"column":2},"end":{"line":33,"column":3}},"type":"if","locations":[{"start":{"line":28,"column":2},"end":{"line":33,"column":3}},{"start":{},"end":{}}],"line":28},"6":{"loc":{"start":{"line":37,"column":2},"end":{"line":39,"column":3}},"type":"if","locations":[{"start":{"line":37,"column":2},"end":{"line":39,"column":3}},{"start":{},"end":{}}],"line":37}},"s":{"0":11,"1":11,"2":11,"3":11,"4":11,"5":11,"6":11,"7":1,"8":10,"9":1,"10":9,"11":8,"12":1,"13":1,"14":1,"15":1,"16":1,"17":1,"18":1,"19":1},"f":{"0":11,"1":1,"2":1},"b":{"0":[1,10],"1":[1,9],"2":[10,10],"3":[8,1],"4":[9,6,5,4,3,2],"5":[1,0],"6":[1,0]},"_coverageSchema":"1a1c01bbd47fc00a2c39e90264f33305004495a9","hash":"441b7e61a4e335461b400cf9af933da284f554f0"}
,"C:\\Users\\nikit\\OneDrive\\Рабочий стол\\WEB проекты\\Methods\\src\\magician.js": {"path":"C:\\Users\\nikit\\OneDrive\\Рабочий стол\\WEB проекты\\Methods\\src\\magician.js","statementMap":{"0":{"start":{"line":5,"column":2},"end":{"line":5,"column":41}}},"fnMap":{"0":{"name":"(anonymous_0)","decl":{"start":{"line":4,"column":1},"end":{"line":4,"column":2}},"loc":{"start":{"line":4,"column":19},"end":{"line":6,"column":2}},"line":4}},"branchMap":{},"s":{"0":1},"f":{"0":1},"b":{},"_coverageSchema":"1a1c01bbd47fc00a2c39e90264f33305004495a9","hash":"f2ded706aacc420b190264590bbc29158db81160"}
,"C:\\Users\\nikit\\OneDrive\\Рабочий стол\\WEB проекты\\Methods\\src\\swordsman.js": {"path":"C:\\Users\\nikit\\OneDrive\\Рабочий стол\\WEB проекты\\Methods\\src\\swordsman.js","statementMap":{"0":{"start":{"line":5,"column":2},"end":{"line":5,"column":42}}},"fnMap":{"0":{"name":"(anonymous_0)","decl":{"start":{"line":4,"column":1},"end":{"line":4,"column":2}},"loc":{"start":{"line":4,"column":19},"end":{"line":6,"column":2}},"line":4}},"branchMap":{},"s":{"0":1},"f":{"0":1},"b":{},"_coverageSchema":"1a1c01bbd47fc00a2c39e90264f33305004495a9","hash":"26bdeec04c1f3a31cc1f814b5fd628a122bf33ff"}
,"C:\\Users\\nikit\\OneDrive\\Рабочий стол\\WEB проекты\\Methods\\src\\undead.js": {"path":"C:\\Users\\nikit\\OneDrive\\Рабочий стол\\WEB проекты\\Methods\\src\\undead.js","statementMap":{"0":{"start":{"line":5,"column":2},"end":{"line":5,"column":39}}},"fnMap":{"0":{"name":"(anonymous_0)","decl":{"start":{"line":4,"column":1},"end":{"line":4,"column":2}},"loc":{"start":{"line":4,"column":19},"end":{"line":6,"column":2}},"line":4}},"branchMap":{},"s":{"0":1},"f":{"0":1},"b":{},"_coverageSchema":"1a1c01bbd47fc00a2c39e90264f33305004495a9","hash":"060e237407e64ec5ab2b626a69bc6e3fd67bf74c"}
,"C:\\Users\\nikit\\OneDrive\\Рабочий стол\\WEB проекты\\Methods\\src\\zombie.js": {"path":"C:\\Users\\nikit\\OneDrive\\Рабочий стол\\WEB проекты\\Methods\\src\\zombie.js","statementMap":{"0":{"start":{"line":5,"column":2},"end":{"line":5,"column":39}}},"fnMap":{"0":{"name":"(anonymous_0)","decl":{"start":{"line":4,"column":1},"end":{"line":4,"column":2}},"loc":{"start":{"line":4,"column":19},"end":{"line":6,"column":2}},"line":4}},"branchMap":{},"s":{"0":1},"f":{"0":1},"b":{},"_coverageSchema":"1a1c01bbd47fc00a2c39e90264f33305004495a9","hash":"239592c52a7fb8f856b50297ebaa967285d5a20d"}
}
