TN:
SF:src\bowerman.js
FN:4,(anonymous_0)
FNF:1
FNH:1
FNDA:1,(anonymous_0)
DA:5,1
LF:1
LH:1
BRF:0
BRH:0
end_of_record
TN:
SF:src\daemon.js
FN:4,(anonymous_0)
FNF:1
FNH:1
FNDA:1,(anonymous_0)
DA:5,1
LF:1
LH:1
BRF:0
BRH:0
end_of_record
TN:
SF:src\index.js
FN:2,(anonymous_0)
FN:27,(anonymous_1)
FN:36,(anonymous_2)
FNF:3
FNH:3
FNDA:11,(anonymous_0)
FNDA:1,(anonymous_1)
FNDA:1,(anonymous_2)
DA:3,11
DA:4,11
DA:5,11
DA:6,11
DA:7,11
DA:8,11
DA:10,11
DA:11,1
DA:15,10
DA:16,1
DA:19,9
DA:20,8
DA:22,1
DA:28,1
DA:29,1
DA:30,1
DA:31,1
DA:32,1
DA:37,1
DA:38,1
LF:20
LH:20
BRDA:10,0,0,1
BRDA:10,0,1,10
BRDA:15,1,0,1
BRDA:15,1,1,9
BRDA:15,2,0,10
BRDA:15,2,1,10
BRDA:19,3,0,8
BRDA:19,3,1,1
BRDA:19,4,0,9
BRDA:19,4,1,6
BRDA:19,4,2,5
BRDA:19,4,3,4
BRDA:19,4,4,3
BRDA:19,4,5,2
BRDA:28,5,0,1
BRDA:28,5,1,0
BRDA:37,6,0,1
BRDA:37,6,1,0
BRF:18
BRH:16
end_of_record
TN:
SF:src\magician.js
FN:4,(anonymous_0)
FNF:1
FNH:1
FNDA:1,(anonymous_0)
DA:5,1
LF:1
LH:1
BRF:0
BRH:0
end_of_record
TN:
SF:src\swordsman.js
FN:4,(anonymous_0)
FNF:1
FNH:1
FNDA:1,(anonymous_0)
DA:5,1
LF:1
LH:1
BRF:0
BRH:0
end_of_record
TN:
SF:src\undead.js
FN:4,(anonymous_0)
FNF:1
FNH:1
FNDA:1,(anonymous_0)
DA:5,1
LF:1
LH:1
BRF:0
BRH:0
end_of_record
TN:
SF:src\zombie.js
FN:4,(anonymous_0)
FNF:1
FNH:1
FNDA:1,(anonymous_0)
DA:5,1
LF:1
LH:1
BRF:0
BRH:0
end_of_record
